<?xml version="1.0" encoding="UTF-8"?>
<!-- Generated by org.testng.reporters.JUnitReportReporter -->
<testsuite hostname="Toan0975322500" name="org.webdriver.temp.LoginTest" tests="2" failures="0" timestamp="23 Oct 2016 03:59:20 GMT" time="14.892" errors="0">
  <testcase name="testLoginWithBlankkField" time="6.252" classname="org.webdriver.temp.LoginTest"/>
  <testcase name="testLoginWithBlankkPassword" time="8.640" classname="org.webdriver.temp.LoginTest"/>
</testsuite> <!-- org.webdriver.temp.LoginTest -->
