<?xml version="1.0" encoding="UTF-8"?>
<!-- Generated by org.testng.reporters.JUnitReportReporter -->
<testsuite hostname="Toan0975322500" name="example.NewTest" tests="1" failures="0" timestamp="23 Oct 2016 03:56:30 GMT" time="24.160" errors="0">
  <testcase name="TestFireFox" time="24.160" classname="example.NewTest"/>
</testsuite> <!-- example.NewTest -->
